mode: set
github.com/tuck1s/sparkyPMTATracking/cmd/wrapper/linesplitter.go:8.24,9.11 1 0
github.com/tuck1s/sparkyPMTATracking/cmd/wrapper/linesplitter.go:12.2,12.10 1 0
github.com/tuck1s/sparkyPMTATracking/cmd/wrapper/linesplitter.go:9.11,11.3 1 0
github.com/tuck1s/sparkyPMTATracking/cmd/wrapper/linesplitter.go:23.79,25.2 1 0
github.com/tuck1s/sparkyPMTATracking/cmd/wrapper/linesplitter.go:28.61,35.6 4 0
github.com/tuck1s/sparkyPMTATracking/cmd/wrapper/linesplitter.go:54.2,54.29 1 0
github.com/tuck1s/sparkyPMTATracking/cmd/wrapper/linesplitter.go:35.6,42.25 5 0
github.com/tuck1s/sparkyPMTATracking/cmd/wrapper/linesplitter.go:47.3,48.18 2 0
github.com/tuck1s/sparkyPMTATracking/cmd/wrapper/linesplitter.go:52.3,52.34 1 0
github.com/tuck1s/sparkyPMTATracking/cmd/wrapper/linesplitter.go:42.25,46.4 3 0
github.com/tuck1s/sparkyPMTATracking/cmd/wrapper/linesplitter.go:48.18,49.9 1 0
github.com/tuck1s/sparkyPMTATracking/cmd/wrapper/mailcopy.go:27.58,30.16 3 0
github.com/tuck1s/sparkyPMTATracking/cmd/wrapper/mailcopy.go:35.2,35.47 1 0
github.com/tuck1s/sparkyPMTATracking/cmd/wrapper/mailcopy.go:47.2,49.16 3 0
github.com/tuck1s/sparkyPMTATracking/cmd/wrapper/mailcopy.go:54.2,56.26 3 0
github.com/tuck1s/sparkyPMTATracking/cmd/wrapper/mailcopy.go:30.16,32.3 1 0
github.com/tuck1s/sparkyPMTATracking/cmd/wrapper/mailcopy.go:35.47,36.34 1 0
github.com/tuck1s/sparkyPMTATracking/cmd/wrapper/mailcopy.go:36.34,41.18 5 0
github.com/tuck1s/sparkyPMTATracking/cmd/wrapper/mailcopy.go:41.18,43.5 1 0
github.com/tuck1s/sparkyPMTATracking/cmd/wrapper/mailcopy.go:49.16,51.3 1 0
github.com/tuck1s/sparkyPMTATracking/cmd/wrapper/mailcopy.go:62.94,66.2 3 0
github.com/tuck1s/sparkyPMTATracking/cmd/wrapper/mailcopy.go:70.94,74.16 3 0
github.com/tuck1s/sparkyPMTATracking/cmd/wrapper/mailcopy.go:77.2,78.47 2 0
github.com/tuck1s/sparkyPMTATracking/cmd/wrapper/mailcopy.go:106.2,106.26 1 0
github.com/tuck1s/sparkyPMTATracking/cmd/wrapper/mailcopy.go:74.16,76.3 1 0
github.com/tuck1s/sparkyPMTATracking/cmd/wrapper/mailcopy.go:78.47,81.22 1 0
github.com/tuck1s/sparkyPMTATracking/cmd/wrapper/mailcopy.go:92.3,92.48 1 0
github.com/tuck1s/sparkyPMTATracking/cmd/wrapper/mailcopy.go:81.22,87.4 4 0
github.com/tuck1s/sparkyPMTATracking/cmd/wrapper/mailcopy.go:87.9,88.54 1 0
github.com/tuck1s/sparkyPMTATracking/cmd/wrapper/mailcopy.go:88.54,90.5 1 0
github.com/tuck1s/sparkyPMTATracking/cmd/wrapper/mailcopy.go:93.8,94.49 1 0
github.com/tuck1s/sparkyPMTATracking/cmd/wrapper/mailcopy.go:94.49,97.4 2 0
github.com/tuck1s/sparkyPMTATracking/cmd/wrapper/mailcopy.go:97.9,98.54 1 0
github.com/tuck1s/sparkyPMTATracking/cmd/wrapper/mailcopy.go:98.54,100.5 1 0
github.com/tuck1s/sparkyPMTATracking/cmd/wrapper/mailcopy.go:100.10,103.5 1 0
github.com/tuck1s/sparkyPMTATracking/cmd/wrapper/mailcopy.go:110.65,113.2 2 0
github.com/tuck1s/sparkyPMTATracking/cmd/wrapper/mailcopy.go:116.64,119.2 2 0
github.com/tuck1s/sparkyPMTATracking/cmd/wrapper/mailcopy.go:122.86,131.6 7 0
github.com/tuck1s/sparkyPMTATracking/cmd/wrapper/mailcopy.go:152.2,153.26 2 0
github.com/tuck1s/sparkyPMTATracking/cmd/wrapper/mailcopy.go:131.6,133.17 2 0
github.com/tuck1s/sparkyPMTATracking/cmd/wrapper/mailcopy.go:140.3,141.17 2 0
github.com/tuck1s/sparkyPMTATracking/cmd/wrapper/mailcopy.go:144.3,148.17 5 0
github.com/tuck1s/sparkyPMTATracking/cmd/wrapper/mailcopy.go:133.17,134.21 1 0
github.com/tuck1s/sparkyPMTATracking/cmd/wrapper/mailcopy.go:138.4,138.28 1 0
github.com/tuck1s/sparkyPMTATracking/cmd/wrapper/mailcopy.go:134.21,136.10 2 0
github.com/tuck1s/sparkyPMTATracking/cmd/wrapper/mailcopy.go:141.17,143.4 1 0
github.com/tuck1s/sparkyPMTATracking/cmd/wrapper/mailcopy.go:148.17,150.4 1 0
github.com/tuck1s/sparkyPMTATracking/cmd/wrapper/wrapper.go:19.42,20.22 1 0
github.com/tuck1s/sparkyPMTATracking/cmd/wrapper/wrapper.go:25.2,25.14 1 0
github.com/tuck1s/sparkyPMTATracking/cmd/wrapper/wrapper.go:20.22,21.13 1 0
github.com/tuck1s/sparkyPMTATracking/cmd/wrapper/wrapper.go:21.13,23.4 1 0
github.com/tuck1s/sparkyPMTATracking/cmd/wrapper/wrapper.go:40.49,41.17 1 0
github.com/tuck1s/sparkyPMTATracking/cmd/wrapper/wrapper.go:41.17,43.3 1 0
github.com/tuck1s/sparkyPMTATracking/cmd/wrapper/wrapper.go:47.55,53.16 6 0
github.com/tuck1s/sparkyPMTATracking/cmd/wrapper/wrapper.go:56.2,57.16 2 0
github.com/tuck1s/sparkyPMTATracking/cmd/wrapper/wrapper.go:53.16,55.3 1 0
github.com/tuck1s/sparkyPMTATracking/cmd/wrapper/wrapper.go:75.36,76.56 1 0
github.com/tuck1s/sparkyPMTATracking/cmd/wrapper/wrapper.go:79.2,79.13 1 0
github.com/tuck1s/sparkyPMTATracking/cmd/wrapper/wrapper.go:76.56,78.3 1 0
github.com/tuck1s/sparkyPMTATracking/cmd/wrapper/wrapper.go:83.37,84.56 1 0
github.com/tuck1s/sparkyPMTATracking/cmd/wrapper/wrapper.go:87.2,87.15 1 0
github.com/tuck1s/sparkyPMTATracking/cmd/wrapper/wrapper.go:84.56,86.3 1 0
github.com/tuck1s/sparkyPMTATracking/cmd/wrapper/wrapper.go:91.73,100.16 5 0
github.com/tuck1s/sparkyPMTATracking/cmd/wrapper/wrapper.go:104.2,109.85 4 0
github.com/tuck1s/sparkyPMTATracking/cmd/wrapper/wrapper.go:120.2,120.29 1 0
github.com/tuck1s/sparkyPMTATracking/cmd/wrapper/wrapper.go:100.16,103.3 2 0
github.com/tuck1s/sparkyPMTATracking/cmd/wrapper/wrapper.go:109.85,112.17 3 0
github.com/tuck1s/sparkyPMTATracking/cmd/wrapper/wrapper.go:112.17,118.4 5 0
github.com/tuck1s/sparkyPMTATracking/cmd/wrapper/wrapper.go:124.51,125.56 1 0
github.com/tuck1s/sparkyPMTATracking/cmd/wrapper/wrapper.go:133.2,140.21 4 0
github.com/tuck1s/sparkyPMTATracking/cmd/wrapper/wrapper.go:144.2,146.23 3 0
github.com/tuck1s/sparkyPMTATracking/cmd/wrapper/wrapper.go:125.56,131.3 4 0
github.com/tuck1s/sparkyPMTATracking/cmd/wrapper/wrapper.go:140.21,143.3 2 0
github.com/tuck1s/sparkyPMTATracking/cmd/wrapper/wrapper.go:150.78,152.2 1 0
github.com/tuck1s/sparkyPMTATracking/cmd/wrapper/wrapper.go:155.78,157.2 1 0
github.com/tuck1s/sparkyPMTATracking/cmd/wrapper/wrapper.go:160.78,162.2 1 0
github.com/tuck1s/sparkyPMTATracking/cmd/wrapper/wrapper.go:165.79,167.2 1 0
github.com/tuck1s/sparkyPMTATracking/cmd/wrapper/wrapper.go:170.78,172.2 1 0
github.com/tuck1s/sparkyPMTATracking/cmd/wrapper/wrapper.go:175.81,177.2 1 0
github.com/tuck1s/sparkyPMTATracking/cmd/wrapper/wrapper.go:180.82,182.21 2 0
github.com/tuck1s/sparkyPMTATracking/cmd/wrapper/wrapper.go:186.2,187.15 2 0
github.com/tuck1s/sparkyPMTATracking/cmd/wrapper/wrapper.go:190.2,192.23 3 0
github.com/tuck1s/sparkyPMTATracking/cmd/wrapper/wrapper.go:182.21,185.3 2 0
github.com/tuck1s/sparkyPMTATracking/cmd/wrapper/wrapper.go:187.15,189.3 1 0
github.com/tuck1s/sparkyPMTATracking/cmd/wrapper/wrapper.go:196.70,198.21 2 0
github.com/tuck1s/sparkyPMTATracking/cmd/wrapper/wrapper.go:202.2,203.16 2 0
github.com/tuck1s/sparkyPMTATracking/cmd/wrapper/wrapper.go:206.2,206.26 1 0
github.com/tuck1s/sparkyPMTATracking/cmd/wrapper/wrapper.go:198.21,201.3 2 0
github.com/tuck1s/sparkyPMTATracking/cmd/wrapper/wrapper.go:203.16,205.3 1 0
github.com/tuck1s/sparkyPMTATracking/cmd/wrapper/wrapper.go:210.76,212.32 2 0
github.com/tuck1s/sparkyPMTATracking/cmd/wrapper/wrapper.go:217.2,218.16 2 0
github.com/tuck1s/sparkyPMTATracking/cmd/wrapper/wrapper.go:223.2,226.16 4 0
github.com/tuck1s/sparkyPMTATracking/cmd/wrapper/wrapper.go:232.2,232.23 1 0
github.com/tuck1s/sparkyPMTATracking/cmd/wrapper/wrapper.go:212.32,214.3 1 0
github.com/tuck1s/sparkyPMTATracking/cmd/wrapper/wrapper.go:214.8,216.3 1 0
github.com/tuck1s/sparkyPMTATracking/cmd/wrapper/wrapper.go:218.16,222.3 3 0
github.com/tuck1s/sparkyPMTATracking/cmd/wrapper/wrapper.go:226.16,228.3 1 0
github.com/tuck1s/sparkyPMTATracking/cmd/wrapper/wrapper.go:228.8,231.3 2 0
github.com/tuck1s/sparkyPMTATracking/cmd/wrapper/wrapper.go:237.13,266.16 19 0
github.com/tuck1s/sparkyPMTATracking/cmd/wrapper/wrapper.go:271.2,271.43 1 0
github.com/tuck1s/sparkyPMTATracking/cmd/wrapper/wrapper.go:288.2,293.24 5 0
github.com/tuck1s/sparkyPMTATracking/cmd/wrapper/wrapper.go:304.2,304.26 1 0
github.com/tuck1s/sparkyPMTATracking/cmd/wrapper/wrapper.go:315.2,315.43 1 0
github.com/tuck1s/sparkyPMTATracking/cmd/wrapper/wrapper.go:266.16,268.3 1 0
github.com/tuck1s/sparkyPMTATracking/cmd/wrapper/wrapper.go:271.43,273.3 1 0
github.com/tuck1s/sparkyPMTATracking/cmd/wrapper/wrapper.go:273.8,275.17 2 0
github.com/tuck1s/sparkyPMTATracking/cmd/wrapper/wrapper.go:278.3,282.17 4 0
github.com/tuck1s/sparkyPMTATracking/cmd/wrapper/wrapper.go:285.3,286.74 2 0
github.com/tuck1s/sparkyPMTATracking/cmd/wrapper/wrapper.go:275.17,277.4 1 0
github.com/tuck1s/sparkyPMTATracking/cmd/wrapper/wrapper.go:282.17,284.4 1 0
github.com/tuck1s/sparkyPMTATracking/cmd/wrapper/wrapper.go:293.24,297.17 2 0
github.com/tuck1s/sparkyPMTATracking/cmd/wrapper/wrapper.go:300.3,302.95 3 0
github.com/tuck1s/sparkyPMTATracking/cmd/wrapper/wrapper.go:297.17,299.4 1 0
github.com/tuck1s/sparkyPMTATracking/cmd/wrapper/wrapper.go:304.26,307.17 2 0
github.com/tuck1s/sparkyPMTATracking/cmd/wrapper/wrapper.go:310.3,312.72 3 0
github.com/tuck1s/sparkyPMTATracking/cmd/wrapper/wrapper.go:307.17,309.4 1 0
github.com/tuck1s/sparkyPMTATracking/cmd/wrapper/wrapper.go:315.43,317.3 1 0
